[27-Mar-2019 16:48:33] NOTICE: fpm is running, pid 59
[27-Mar-2019 16:48:33] NOTICE: ready to handle connections
[27-Mar-2019 16:48:33] NOTICE: systemd monitor interval set to 10000ms
[27-Mar-2019 17:04:48] WARNING: [pool www] child 62 said into stderr: "[27-Mar-2019 17:04:48 UTC] PHP Notice:  Use of undefined constant __PATH__ - assumed '__PATH__' in /app/public/index.php on line 4"
[27-Mar-2019 17:11:52] WARNING: [pool www] child 62 said into stderr: "[27-Mar-2019 17:11:52 UTC] PHP Fatal error:  Uncaught Error: Call to undefined function p() in /app/public/index.php:5"
[27-Mar-2019 17:11:52] WARNING: [pool www] child 62 said into stderr: "Stack trace:"
[27-Mar-2019 17:11:52] WARNING: [pool www] child 62 said into stderr: "#0 {main}"
[27-Mar-2019 17:11:52] WARNING: [pool www] child 62 said into stderr: "  thrown in /app/public/index.php on line 5"
[27-Mar-2019 17:11:54] WARNING: [pool www] child 61 said into stderr: "[27-Mar-2019 17:11:54 UTC] PHP Fatal error:  Uncaught Error: Call to undefined function p() in /app/public/index.php:5"
[27-Mar-2019 17:11:54] WARNING: [pool www] child 61 said into stderr: "Stack trace:"
[27-Mar-2019 17:11:54] WARNING: [pool www] child 61 said into stderr: "#0 {main}"
[27-Mar-2019 17:11:54] WARNING: [pool www] child 61 said into stderr: "  thrown in /app/public/index.php on line 5"
[27-Mar-2019 17:11:54] WARNING: [pool www] child 62 said into stderr: "[27-Mar-2019 17:11:54 UTC] PHP Fatal error:  Uncaught Error: Call to undefined function p() in /app/public/index.php:5"
[27-Mar-2019 17:11:54] WARNING: [pool www] child 62 said into stderr: "Stack trace:"
[27-Mar-2019 17:11:54] WARNING: [pool www] child 62 said into stderr: "#0 {main}"
[27-Mar-2019 17:11:54] WARNING: [pool www] child 62 said into stderr: "  thrown in /app/public/index.php on line 5"
[27-Mar-2019 17:11:54] WARNING: [pool www] child 61 said into stderr: "[27-Mar-2019 17:11:54 UTC] PHP Fatal error:  Uncaught Error: Call to undefined function p() in /app/public/index.php:5"
[27-Mar-2019 17:11:54] WARNING: [pool www] child 61 said into stderr: "Stack trace:"
[27-Mar-2019 17:11:54] WARNING: [pool www] child 61 said into stderr: "#0 {main}"
[27-Mar-2019 17:11:54] WARNING: [pool www] child 61 said into stderr: "  thrown in /app/public/index.php on line 5"
[27-Mar-2019 17:12:49] WARNING: [pool www] child 62 said into stderr: "[27-Mar-2019 17:12:49 UTC] PHP Fatal error:  Uncaught Error: Call to undefined function p() in /app/public/index.php:5"
[27-Mar-2019 17:12:49] WARNING: [pool www] child 62 said into stderr: "Stack trace:"
[27-Mar-2019 17:12:49] WARNING: [pool www] child 62 said into stderr: "#0 {main}"
[27-Mar-2019 17:12:49] WARNING: [pool www] child 62 said into stderr: "  thrown in /app/public/index.php on line 5"
[27-Mar-2019 17:12:50] WARNING: [pool www] child 61 said into stderr: "[27-Mar-2019 17:12:50 UTC] PHP Fatal error:  Uncaught Error: Call to undefined function p() in /app/public/index.php:5"
[27-Mar-2019 17:12:50] WARNING: [pool www] child 61 said into stderr: "Stack trace:"
[27-Mar-2019 17:12:50] WARNING: [pool www] child 61 said into stderr: "#0 {main}"
[27-Mar-2019 17:12:50] WARNING: [pool www] child 61 said into stderr: "  thrown in /app/public/index.php on line 5"
[27-Mar-2019 17:14:42] WARNING: [pool www] child 62 said into stderr: "[27-Mar-2019 17:14:42 UTC] PHP Fatal error:  Uncaught Error: Call to undefined function p() in /app/public/index.php:5"
[27-Mar-2019 17:14:42] WARNING: [pool www] child 62 said into stderr: "Stack trace:"
[27-Mar-2019 17:14:42] WARNING: [pool www] child 62 said into stderr: "#0 {main}"
[27-Mar-2019 17:14:42] WARNING: [pool www] child 62 said into stderr: "  thrown in /app/public/index.php on line 5"
[27-Mar-2019 17:14:52] WARNING: [pool www] child 61 said into stderr: "[27-Mar-2019 17:14:52 UTC] PHP Fatal error:  Uncaught Error: Call to undefined function p() in /app/public/index.php:5"
[27-Mar-2019 17:14:52] WARNING: [pool www] child 61 said into stderr: "Stack trace:"
[27-Mar-2019 17:14:52] WARNING: [pool www] child 61 said into stderr: "#0 {main}"
[27-Mar-2019 17:14:52] WARNING: [pool www] child 61 said into stderr: "  thrown in /app/public/index.php on line 5"
[27-Mar-2019 17:14:54] WARNING: [pool www] child 62 said into stderr: "[27-Mar-2019 17:14:54 UTC] PHP Fatal error:  Uncaught Error: Call to undefined function p() in /app/public/index.php:5"
[27-Mar-2019 17:14:54] WARNING: [pool www] child 62 said into stderr: "Stack trace:"
[27-Mar-2019 17:14:54] WARNING: [pool www] child 62 said into stderr: "#0 {main}"
[27-Mar-2019 17:14:54] WARNING: [pool www] child 62 said into stderr: "  thrown in /app/public/index.php on line 5"
[27-Mar-2019 17:18:29] WARNING: [pool www] child 62 said into stderr: "[27-Mar-2019 17:18:29 UTC] PHP Fatal error:  Uncaught Error: Class 'App\Application' not found in /app/public/index.php:5"
[27-Mar-2019 17:18:29] WARNING: [pool www] child 62 said into stderr: "Stack trace:"
[27-Mar-2019 17:18:29] WARNING: [pool www] child 62 said into stderr: "#0 {main}"
[27-Mar-2019 17:18:29] WARNING: [pool www] child 62 said into stderr: "  thrown in /app/public/index.php on line 5"
[27-Mar-2019 17:20:12] WARNING: [pool www] child 61 said into stderr: "[27-Mar-2019 17:20:12 UTC] PHP Warning:  include(/app/bootstrap/../App/Application1.php): failed to open stream: No such file or directory in /app/bootstrap/bootstrap.php on line 9"
[27-Mar-2019 17:20:12] WARNING: [pool www] child 61 said into stderr: "[27-Mar-2019 17:20:12 UTC] PHP Warning:  include(): Failed opening '/app/bootstrap/../App/Application1.php' for inclusion (include_path='.:/usr/share/php') in /app/bootstrap/bootstrap.php on line 9"
[27-Mar-2019 17:20:12] WARNING: [pool www] child 61 said into stderr: "[27-Mar-2019 17:20:12 UTC] PHP Fatal error:  Uncaught Error: Class 'App\Application1' not found in /app/public/index.php:5"
[27-Mar-2019 17:20:12] WARNING: [pool www] child 61 said into stderr: "Stack trace:"
[27-Mar-2019 17:20:12] WARNING: [pool www] child 61 said into stderr: "#0 {main}"
[27-Mar-2019 17:20:12] WARNING: [pool www] child 61 said into stderr: "  thrown in /app/public/index.php on line 5"
[27-Mar-2019 17:20:48] WARNING: [pool www] child 62 said into stderr: "[27-Mar-2019 17:20:48 UTC] PHP Fatal error:  Uncaught Error: Class 'App\Application1' not found in /app/public/index.php:5"
[27-Mar-2019 17:20:48] WARNING: [pool www] child 62 said into stderr: "Stack trace:"
[27-Mar-2019 17:20:48] WARNING: [pool www] child 62 said into stderr: "#0 {main}"
[27-Mar-2019 17:20:48] WARNING: [pool www] child 62 said into stderr: "  thrown in /app/public/index.php on line 5"
[27-Mar-2019 17:20:49] WARNING: [pool www] child 61 said into stderr: "[27-Mar-2019 17:20:49 UTC] PHP Fatal error:  Uncaught Error: Class 'App\Application1' not found in /app/public/index.php:5"
[27-Mar-2019 17:20:49] WARNING: [pool www] child 61 said into stderr: "Stack trace:"
[27-Mar-2019 17:20:49] WARNING: [pool www] child 61 said into stderr: "#0 {main}"
[27-Mar-2019 17:20:49] WARNING: [pool www] child 61 said into stderr: "  thrown in /app/public/index.php on line 5"
[27-Mar-2019 17:20:51] WARNING: [pool www] child 62 said into stderr: "[27-Mar-2019 17:20:51 UTC] PHP Fatal error:  Uncaught Error: Class 'App\Application1' not found in /app/public/index.php:5"
[27-Mar-2019 17:20:51] WARNING: [pool www] child 62 said into stderr: "Stack trace:"
[27-Mar-2019 17:20:51] WARNING: [pool www] child 62 said into stderr: "#0 {main}"
[27-Mar-2019 17:20:51] WARNING: [pool www] child 62 said into stderr: "  thrown in /app/public/index.php on line 5"
[27-Mar-2019 17:37:10] WARNING: [pool www] child 62 said into stderr: "[27-Mar-2019 17:37:10 UTC] PHP Notice:  Use of undefined constant require__DIR__ - assumed 'require__DIR__' in /app/public/index.php on line 7"
[27-Mar-2019 17:49:35] WARNING: [pool www] child 61 said into stderr: "[27-Mar-2019 17:49:35 UTC] PHP Fatal error:  Uncaught TypeError: Return value of App\Http\Router::resolve() must implement interface App\Http\RouteInterface, none returned in /app/App/Http/Router.php:19"
[27-Mar-2019 17:49:35] WARNING: [pool www] child 61 said into stderr: "Stack trace:"
[27-Mar-2019 17:49:35] WARNING: [pool www] child 61 said into stderr: "#0 /app/App/Application.php(22): App\Http\Router->resolve(Object(App\Http\Request))"
[27-Mar-2019 17:49:35] WARNING: [pool www] child 61 said into stderr: "#1 /app/public/index.php(13): App\Application->handRequest(Object(App\Http\Request))"
[27-Mar-2019 17:49:35] WARNING: [pool www] child 61 said into stderr: "#2 {main}"
[27-Mar-2019 17:49:35] WARNING: [pool www] child 61 said into stderr: "  thrown in /app/App/Http/Router.php on line 19"
[27-Mar-2019 17:49:36] WARNING: [pool www] child 62 said into stderr: "[27-Mar-2019 17:49:36 UTC] PHP Fatal error:  Uncaught TypeError: Return value of App\Http\Router::resolve() must implement interface App\Http\RouteInterface, none returned in /app/App/Http/Router.php:19"
[27-Mar-2019 17:49:36] WARNING: [pool www] child 62 said into stderr: "Stack trace:"
[27-Mar-2019 17:49:36] WARNING: [pool www] child 62 said into stderr: "#0 /app/App/Application.php(22): App\Http\Router->resolve(Object(App\Http\Request))"
[27-Mar-2019 17:49:36] WARNING: [pool www] child 62 said into stderr: "#1 /app/public/index.php(13): App\Application->handRequest(Object(App\Http\Request))"
[27-Mar-2019 17:49:36] WARNING: [pool www] child 62 said into stderr: "#2 {main}"
[27-Mar-2019 17:49:36] WARNING: [pool www] child 62 said into stderr: "  thrown in /app/App/Http/Router.php on line 19"
[27-Mar-2019 17:49:36] WARNING: [pool www] child 61 said into stderr: "[27-Mar-2019 17:49:36 UTC] PHP Fatal error:  Uncaught TypeError: Return value of App\Http\Router::resolve() must implement interface App\Http\RouteInterface, none returned in /app/App/Http/Router.php:19"
[27-Mar-2019 17:49:36] WARNING: [pool www] child 61 said into stderr: "Stack trace:"
[27-Mar-2019 17:49:36] WARNING: [pool www] child 61 said into stderr: "#0 /app/App/Application.php(22): App\Http\Router->resolve(Object(App\Http\Request))"
[27-Mar-2019 17:49:36] WARNING: [pool www] child 61 said into stderr: "#1 /app/public/index.php(13): App\Application->handRequest(Object(App\Http\Request))"
[27-Mar-2019 17:49:36] WARNING: [pool www] child 61 said into stderr: "#2 {main}"
[27-Mar-2019 17:49:36] WARNING: [pool www] child 61 said into stderr: "  thrown in /app/App/Http/Router.php on line 19"
[27-Mar-2019 17:49:37] WARNING: [pool www] child 62 said into stderr: "[27-Mar-2019 17:49:37 UTC] PHP Fatal error:  Uncaught TypeError: Return value of App\Http\Router::resolve() must implement interface App\Http\RouteInterface, none returned in /app/App/Http/Router.php:19"
[27-Mar-2019 17:49:37] WARNING: [pool www] child 62 said into stderr: "Stack trace:"
[27-Mar-2019 17:49:37] WARNING: [pool www] child 62 said into stderr: "#0 /app/App/Application.php(22): App\Http\Router->resolve(Object(App\Http\Request))"
[27-Mar-2019 17:49:37] WARNING: [pool www] child 62 said into stderr: "#1 /app/public/index.php(13): App\Application->handRequest(Object(App\Http\Request))"
[27-Mar-2019 17:49:37] WARNING: [pool www] child 62 said into stderr: "#2 {main}"
[27-Mar-2019 17:49:37] WARNING: [pool www] child 62 said into stderr: "  thrown in /app/App/Http/Router.php on line 19"
[27-Mar-2019 17:49:37] WARNING: [pool www] child 61 said into stderr: "[27-Mar-2019 17:49:37 UTC] PHP Fatal error:  Uncaught TypeError: Return value of App\Http\Router::resolve() must implement interface App\Http\RouteInterface, none returned in /app/App/Http/Router.php:19"
[27-Mar-2019 17:49:37] WARNING: [pool www] child 61 said into stderr: "Stack trace:"
[27-Mar-2019 17:49:37] WARNING: [pool www] child 61 said into stderr: "#0 /app/App/Application.php(22): App\Http\Router->resolve(Object(App\Http\Request))"
[27-Mar-2019 17:49:37] WARNING: [pool www] child 61 said into stderr: "#1 /app/public/index.php(13): App\Application->handRequest(Object(App\Http\Request))"
[27-Mar-2019 17:49:37] WARNING: [pool www] child 61 said into stderr: "#2 {main}"
[27-Mar-2019 17:49:37] WARNING: [pool www] child 61 said into stderr: "  thrown in /app/App/Http/Router.php on line 19"
[27-Mar-2019 17:49:38] WARNING: [pool www] child 62 said into stderr: "[27-Mar-2019 17:49:38 UTC] PHP Fatal error:  Uncaught TypeError: Return value of App\Http\Router::resolve() must implement interface App\Http\RouteInterface, none returned in /app/App/Http/Router.php:19"
[27-Mar-2019 17:49:38] WARNING: [pool www] child 62 said into stderr: "Stack trace:"
[27-Mar-2019 17:49:38] WARNING: [pool www] child 62 said into stderr: "#0 /app/App/Application.php(22): App\Http\Router->resolve(Object(App\Http\Request))"
[27-Mar-2019 17:49:38] WARNING: [pool www] child 62 said into stderr: "#1 /app/public/index.php(13): App\Application->handRequest(Object(App\Http\Request))"
[27-Mar-2019 17:49:38] WARNING: [pool www] child 62 said into stderr: "#2 {main}"
[27-Mar-2019 17:49:38] WARNING: [pool www] child 62 said into stderr: "  thrown in /app/App/Http/Router.php on line 19"
[27-Mar-2019 17:54:20] WARNING: [pool www] child 61 said into stderr: "[27-Mar-2019 17:54:20 UTC] PHP Fatal error:  Uncaught Exception: Route not found in /app/App/Http/Router.php:22"
[27-Mar-2019 17:54:20] WARNING: [pool www] child 61 said into stderr: "Stack trace:"
[27-Mar-2019 17:54:20] WARNING: [pool www] child 61 said into stderr: "#0 /app/App/Application.php(22): App\Http\Router->resolve(Object(App\Http\Request))"
[27-Mar-2019 17:54:20] WARNING: [pool www] child 61 said into stderr: "#1 /app/public/index.php(13): App\Application->handRequest(Object(App\Http\Request))"
[27-Mar-2019 17:54:20] WARNING: [pool www] child 61 said into stderr: "#2 {main}"
[27-Mar-2019 17:54:20] WARNING: [pool www] child 61 said into stderr: "  thrown in /app/App/Http/Router.php on line 22"
[27-Mar-2019 18:00:09] WARNING: [pool www] child 62 said into stderr: "[27-Mar-2019 18:00:09 UTC] PHP Fatal error:  Uncaught Exception: Route not found in /app/App/Http/Router.php:22"
[27-Mar-2019 18:00:09] WARNING: [pool www] child 62 said into stderr: "Stack trace:"
[27-Mar-2019 18:00:09] WARNING: [pool www] child 62 said into stderr: "#0 /app/App/Application.php(22): App\Http\Router->resolve(Object(App\Http\Request))"
[27-Mar-2019 18:00:09] WARNING: [pool www] child 62 said into stderr: "#1 /app/public/index.php(13): App\Application->handRequest(Object(App\Http\Request))"
[27-Mar-2019 18:00:09] WARNING: [pool www] child 62 said into stderr: "#2 {main}"
[27-Mar-2019 18:00:09] WARNING: [pool www] child 62 said into stderr: "  thrown in /app/App/Http/Router.php on line 22"
[27-Mar-2019 18:03:18] WARNING: [pool www] child 61 said into stderr: "[27-Mar-2019 18:03:18 UTC] PHP Fatal error:  Uncaught Exception: Route not found in /app/App/Http/Router.php:22"
[27-Mar-2019 18:03:18] WARNING: [pool www] child 61 said into stderr: "Stack trace:"
[27-Mar-2019 18:03:18] WARNING: [pool www] child 61 said into stderr: "#0 /app/App/Application.php(22): App\Http\Router->resolve(Object(App\Http\Request))"
[27-Mar-2019 18:03:18] WARNING: [pool www] child 61 said into stderr: "#1 /app/public/index.php(13): App\Application->handRequest(Object(App\Http\Request))"
[27-Mar-2019 18:03:18] WARNING: [pool www] child 61 said into stderr: "#2 {main}"
[27-Mar-2019 18:03:18] WARNING: [pool www] child 61 said into stderr: "  thrown in /app/App/Http/Router.php on line 22"
[27-Mar-2019 18:12:28] WARNING: [pool www] child 61 said into stderr: "[27-Mar-2019 18:12:28 UTC] PHP Fatal error:  Uncaught Error: Call to undefined method App\Controllers\FormController::view() in /app/App/Application.php:35"
[27-Mar-2019 18:12:28] WARNING: [pool www] child 61 said into stderr: "Stack trace:"
[27-Mar-2019 18:12:28] WARNING: [pool www] child 61 said into stderr: "#0 /app/App/Application.php(24): App\Application->runControllerAction(Object(App\Http\Route), Object(App\Http\Request))"
[27-Mar-2019 18:12:28] WARNING: [pool www] child 61 said into stderr: "#1 /app/public/index.php(13): App\Application->handRequest(Object(App\Http\Request))"
[27-Mar-2019 18:12:28] WARNING: [pool www] child 61 said into stderr: "#2 {main}"
[27-Mar-2019 18:12:28] WARNING: [pool www] child 61 said into stderr: "  thrown in /app/App/Application.php on line 35"
[01-Apr-2019 05:53:14] NOTICE: fpm is running, pid 62
[01-Apr-2019 05:53:14] NOTICE: ready to handle connections
[01-Apr-2019 05:53:14] NOTICE: systemd monitor interval set to 10000ms
[01-Apr-2019 05:53:34] WARNING: [pool www] child 65 said into stderr: "[01-Apr-2019 05:53:34 UTC] PHP Fatal error:  Uncaught Exception: Route not found in /app/App/Http/Router.php:22"
[01-Apr-2019 05:53:34] WARNING: [pool www] child 65 said into stderr: "Stack trace:"
[01-Apr-2019 05:53:34] WARNING: [pool www] child 65 said into stderr: "#0 /app/App/Application.php(23): App\Http\Router->resolve(Object(App\Http\Request))"
[01-Apr-2019 05:53:34] WARNING: [pool www] child 65 said into stderr: "#1 /app/public/index.php(13): App\Application->handRequest(Object(App\Http\Request))"
[01-Apr-2019 05:53:34] WARNING: [pool www] child 65 said into stderr: "#2 {main}"
[01-Apr-2019 05:53:34] WARNING: [pool www] child 65 said into stderr: "  thrown in /app/App/Http/Router.php on line 22"
[01-Apr-2019 05:54:21] WARNING: [pool www] child 64 said into stderr: "[01-Apr-2019 05:54:21 UTC] PHP Fatal error:  Uncaught Exception: Route not found in /app/App/Http/Router.php:22"
[01-Apr-2019 05:54:21] WARNING: [pool www] child 64 said into stderr: "Stack trace:"
[01-Apr-2019 05:54:21] WARNING: [pool www] child 64 said into stderr: "#0 /app/App/Application.php(23): App\Http\Router->resolve(Object(App\Http\Request))"
[01-Apr-2019 05:54:21] WARNING: [pool www] child 64 said into stderr: "#1 /app/public/index.php(13): App\Application->handRequest(Object(App\Http\Request))"
[01-Apr-2019 05:54:21] WARNING: [pool www] child 64 said into stderr: "#2 {main}"
[01-Apr-2019 05:54:21] WARNING: [pool www] child 64 said into stderr: "  thrown in /app/App/Http/Router.php on line 22"
[01-Apr-2019 05:54:21] WARNING: [pool www] child 65 said into stderr: "[01-Apr-2019 05:54:21 UTC] PHP Fatal error:  Uncaught Exception: Route not found in /app/App/Http/Router.php:22"
[01-Apr-2019 05:54:21] WARNING: [pool www] child 65 said into stderr: "Stack trace:"
[01-Apr-2019 05:54:21] WARNING: [pool www] child 65 said into stderr: "#0 /app/App/Application.php(23): App\Http\Router->resolve(Object(App\Http\Request))"
[01-Apr-2019 05:54:21] WARNING: [pool www] child 65 said into stderr: "#1 /app/public/index.php(13): App\Application->handRequest(Object(App\Http\Request))"
[01-Apr-2019 05:54:21] WARNING: [pool www] child 65 said into stderr: "#2 {main}"
[01-Apr-2019 05:54:21] WARNING: [pool www] child 65 said into stderr: "  thrown in /app/App/Http/Router.php on line 22"
[01-Apr-2019 05:54:21] WARNING: [pool www] child 64 said into stderr: "[01-Apr-2019 05:54:21 UTC] PHP Fatal error:  Uncaught Exception: Route not found in /app/App/Http/Router.php:22"
[01-Apr-2019 05:54:21] WARNING: [pool www] child 64 said into stderr: "Stack trace:"
[01-Apr-2019 05:54:21] WARNING: [pool www] child 64 said into stderr: "#0 /app/App/Application.php(23): App\Http\Router->resolve(Object(App\Http\Request))"
[01-Apr-2019 05:54:21] WARNING: [pool www] child 64 said into stderr: "#1 /app/public/index.php(13): App\Application->handRequest(Object(App\Http\Request))"
[01-Apr-2019 05:54:21] WARNING: [pool www] child 64 said into stderr: "#2 {main}"
[01-Apr-2019 05:54:21] WARNING: [pool www] child 64 said into stderr: "  thrown in /app/App/Http/Router.php on line 22"
[01-Apr-2019 05:54:22] WARNING: [pool www] child 65 said into stderr: "[01-Apr-2019 05:54:22 UTC] PHP Fatal error:  Uncaught Exception: Route not found in /app/App/Http/Router.php:22"
[01-Apr-2019 05:54:22] WARNING: [pool www] child 65 said into stderr: "Stack trace:"
[01-Apr-2019 05:54:22] WARNING: [pool www] child 65 said into stderr: "#0 /app/App/Application.php(23): App\Http\Router->resolve(Object(App\Http\Request))"
[01-Apr-2019 05:54:22] WARNING: [pool www] child 65 said into stderr: "#1 /app/public/index.php(13): App\Application->handRequest(Object(App\Http\Request))"
[01-Apr-2019 05:54:22] WARNING: [pool www] child 65 said into stderr: "#2 {main}"
[01-Apr-2019 05:54:22] WARNING: [pool www] child 65 said into stderr: "  thrown in /app/App/Http/Router.php on line 22"
[01-Apr-2019 05:54:22] WARNING: [pool www] child 64 said into stderr: "[01-Apr-2019 05:54:22 UTC] PHP Fatal error:  Uncaught Exception: Route not found in /app/App/Http/Router.php:22"
[01-Apr-2019 05:54:22] WARNING: [pool www] child 64 said into stderr: "Stack trace:"
[01-Apr-2019 05:54:22] WARNING: [pool www] child 64 said into stderr: "#0 /app/App/Application.php(23): App\Http\Router->resolve(Object(App\Http\Request))"
[01-Apr-2019 05:54:22] WARNING: [pool www] child 64 said into stderr: "#1 /app/public/index.php(13): App\Application->handRequest(Object(App\Http\Request))"
[01-Apr-2019 05:54:22] WARNING: [pool www] child 64 said into stderr: "#2 {main}"
[01-Apr-2019 05:54:22] WARNING: [pool www] child 64 said into stderr: "  thrown in /app/App/Http/Router.php on line 22"
[01-Apr-2019 05:54:22] WARNING: [pool www] child 65 said into stderr: "[01-Apr-2019 05:54:22 UTC] PHP Fatal error:  Uncaught Exception: Route not found in /app/App/Http/Router.php:22"
[01-Apr-2019 05:54:22] WARNING: [pool www] child 65 said into stderr: "Stack trace:"
[01-Apr-2019 05:54:22] WARNING: [pool www] child 65 said into stderr: "#0 /app/App/Application.php(23): App\Http\Router->resolve(Object(App\Http\Request))"
[01-Apr-2019 05:54:22] WARNING: [pool www] child 65 said into stderr: "#1 /app/public/index.php(13): App\Application->handRequest(Object(App\Http\Request))"
[01-Apr-2019 05:54:22] WARNING: [pool www] child 65 said into stderr: "#2 {main}"
[01-Apr-2019 05:54:22] WARNING: [pool www] child 65 said into stderr: "  thrown in /app/App/Http/Router.php on line 22"
[01-Apr-2019 05:54:22] WARNING: [pool www] child 64 said into stderr: "[01-Apr-2019 05:54:22 UTC] PHP Fatal error:  Uncaught Exception: Route not found in /app/App/Http/Router.php:22"
[01-Apr-2019 05:54:22] WARNING: [pool www] child 64 said into stderr: "Stack trace:"
[01-Apr-2019 05:54:22] WARNING: [pool www] child 64 said into stderr: "#0 /app/App/Application.php(23): App\Http\Router->resolve(Object(App\Http\Request))"
[01-Apr-2019 05:54:22] WARNING: [pool www] child 64 said into stderr: "#1 /app/public/index.php(13): App\Application->handRequest(Object(App\Http\Request))"
[01-Apr-2019 05:54:22] WARNING: [pool www] child 64 said into stderr: "#2 {main}"
[01-Apr-2019 05:54:22] WARNING: [pool www] child 64 said into stderr: "  thrown in /app/App/Http/Router.php on line 22"
[01-Apr-2019 05:54:23] WARNING: [pool www] child 65 said into stderr: "[01-Apr-2019 05:54:23 UTC] PHP Fatal error:  Uncaught Exception: Route not found in /app/App/Http/Router.php:22"
[01-Apr-2019 05:54:23] WARNING: [pool www] child 65 said into stderr: "Stack trace:"
[01-Apr-2019 05:54:23] WARNING: [pool www] child 65 said into stderr: "#0 /app/App/Application.php(23): App\Http\Router->resolve(Object(App\Http\Request))"
[01-Apr-2019 05:54:23] WARNING: [pool www] child 65 said into stderr: "#1 /app/public/index.php(13): App\Application->handRequest(Object(App\Http\Request))"
[01-Apr-2019 05:54:23] WARNING: [pool www] child 65 said into stderr: "#2 {main}"
[01-Apr-2019 05:54:23] WARNING: [pool www] child 65 said into stderr: "  thrown in /app/App/Http/Router.php on line 22"
[01-Apr-2019 05:54:23] WARNING: [pool www] child 64 said into stderr: "[01-Apr-2019 05:54:23 UTC] PHP Fatal error:  Uncaught Exception: Route not found in /app/App/Http/Router.php:22"
[01-Apr-2019 05:54:23] WARNING: [pool www] child 64 said into stderr: "Stack trace:"
[01-Apr-2019 05:54:23] WARNING: [pool www] child 64 said into stderr: "#0 /app/App/Application.php(23): App\Http\Router->resolve(Object(App\Http\Request))"
[01-Apr-2019 05:54:23] WARNING: [pool www] child 64 said into stderr: "#1 /app/public/index.php(13): App\Application->handRequest(Object(App\Http\Request))"
[01-Apr-2019 05:54:23] WARNING: [pool www] child 64 said into stderr: "#2 {main}"
[01-Apr-2019 05:54:23] WARNING: [pool www] child 64 said into stderr: "  thrown in /app/App/Http/Router.php on line 22"
[01-Apr-2019 05:54:23] WARNING: [pool www] child 65 said into stderr: "[01-Apr-2019 05:54:23 UTC] PHP Fatal error:  Uncaught Exception: Route not found in /app/App/Http/Router.php:22"
[01-Apr-2019 05:54:23] WARNING: [pool www] child 65 said into stderr: "Stack trace:"
[01-Apr-2019 05:54:23] WARNING: [pool www] child 65 said into stderr: "#0 /app/App/Application.php(23): App\Http\Router->resolve(Object(App\Http\Request))"
[01-Apr-2019 05:54:23] WARNING: [pool www] child 65 said into stderr: "#1 /app/public/index.php(13): App\Application->handRequest(Object(App\Http\Request))"
[01-Apr-2019 05:54:23] WARNING: [pool www] child 65 said into stderr: "#2 {main}"
[01-Apr-2019 05:54:23] WARNING: [pool www] child 65 said into stderr: "  thrown in /app/App/Http/Router.php on line 22"
[01-Apr-2019 05:54:42] WARNING: [pool www] child 64 said into stderr: "[01-Apr-2019 05:54:42 UTC] PHP Fatal error:  Uncaught Exception: Route not found in /app/App/Http/Router.php:22"
[01-Apr-2019 05:54:42] WARNING: [pool www] child 64 said into stderr: "Stack trace:"
[01-Apr-2019 05:54:42] WARNING: [pool www] child 64 said into stderr: "#0 /app/App/Application.php(23): App\Http\Router->resolve(Object(App\Http\Request))"
[01-Apr-2019 05:54:42] WARNING: [pool www] child 64 said into stderr: "#1 /app/public/index.php(13): App\Application->handRequest(Object(App\Http\Request))"
[01-Apr-2019 05:54:42] WARNING: [pool www] child 64 said into stderr: "#2 {main}"
[01-Apr-2019 05:54:42] WARNING: [pool www] child 64 said into stderr: "  thrown in /app/App/Http/Router.php on line 22"
[01-Apr-2019 05:55:32] WARNING: [pool www] child 65 said into stderr: "[01-Apr-2019 05:55:32 UTC] PHP Fatal error:  Uncaught Exception: Route not found in /app/App/Http/Router.php:22"
[01-Apr-2019 05:55:32] WARNING: [pool www] child 65 said into stderr: "Stack trace:"
[01-Apr-2019 05:55:32] WARNING: [pool www] child 65 said into stderr: "#0 /app/App/Application.php(23): App\Http\Router->resolve(Object(App\Http\Request))"
[01-Apr-2019 05:55:32] WARNING: [pool www] child 65 said into stderr: "#1 /app/public/index.php(13): App\Application->handRequest(Object(App\Http\Request))"
[01-Apr-2019 05:55:32] WARNING: [pool www] child 65 said into stderr: "#2 {main}"
[01-Apr-2019 05:55:32] WARNING: [pool www] child 65 said into stderr: "  thrown in /app/App/Http/Router.php on line 22"
[01-Apr-2019 05:55:33] WARNING: [pool www] child 64 said into stderr: "[01-Apr-2019 05:55:33 UTC] PHP Fatal error:  Uncaught Exception: Route not found in /app/App/Http/Router.php:22"
[01-Apr-2019 05:55:33] WARNING: [pool www] child 64 said into stderr: "Stack trace:"
[01-Apr-2019 05:55:33] WARNING: [pool www] child 64 said into stderr: "#0 /app/App/Application.php(23): App\Http\Router->resolve(Object(App\Http\Request))"
[01-Apr-2019 05:55:33] WARNING: [pool www] child 64 said into stderr: "#1 /app/public/index.php(13): App\Application->handRequest(Object(App\Http\Request))"
[01-Apr-2019 05:55:33] WARNING: [pool www] child 64 said into stderr: "#2 {main}"
[01-Apr-2019 05:55:33] WARNING: [pool www] child 64 said into stderr: "  thrown in /app/App/Http/Router.php on line 22"
[01-Apr-2019 05:57:21] WARNING: [pool www] child 65 said into stderr: "[01-Apr-2019 05:57:21 UTC] PHP Fatal error:  Uncaught TypeError: Return value of App\Controllers\IndexController::index() must be of the type string, none returned in /app/App/Controllers/IndexController.php:10"
[01-Apr-2019 05:57:21] WARNING: [pool www] child 65 said into stderr: "Stack trace:"
[01-Apr-2019 05:57:21] WARNING: [pool www] child 65 said into stderr: "#0 /app/App/Application.php(35): App\Controllers\IndexController->index(Array)"
[01-Apr-2019 05:57:21] WARNING: [pool www] child 65 said into stderr: "#1 /app/App/Application.php(24): App\Application->runControllerAction(Object(App\Http\Route), Object(App\Http\Request))"
[01-Apr-2019 05:57:21] WARNING: [pool www] child 65 said into stderr: "#2 /app/public/index.php(13): App\Application->handRequest(Object(App\Http\Request))"
[01-Apr-2019 05:57:21] WARNING: [pool www] child 65 said into stderr: "#3 {main}"
[01-Apr-2019 05:57:21] WARNING: [pool www] child 65 said into stderr: "  thrown in /app/App/Controllers/IndexController.php on line 10"
[01-Apr-2019 05:57:21] WARNING: [pool www] child 64 said into stderr: "[01-Apr-2019 05:57:21 UTC] PHP Fatal error:  Uncaught TypeError: Return value of App\Controllers\IndexController::index() must be of the type string, none returned in /app/App/Controllers/IndexController.php:10"
[01-Apr-2019 05:57:21] WARNING: [pool www] child 64 said into stderr: "Stack trace:"
[01-Apr-2019 05:57:21] WARNING: [pool www] child 64 said into stderr: "#0 /app/App/Application.php(35): App\Controllers\IndexController->index(Array)"
[01-Apr-2019 05:57:21] WARNING: [pool www] child 64 said into stderr: "#1 /app/App/Application.php(24): App\Application->runControllerAction(Object(App\Http\Route), Object(App\Http\Request))"
[01-Apr-2019 05:57:21] WARNING: [pool www] child 64 said into stderr: "#2 /app/public/index.php(13): App\Application->handRequest(Object(App\Http\Request))"
[01-Apr-2019 05:57:21] WARNING: [pool www] child 64 said into stderr: "#3 {main}"
[01-Apr-2019 05:57:21] WARNING: [pool www] child 64 said into stderr: "  thrown in /app/App/Controllers/IndexController.php on line 10"
[01-Apr-2019 05:57:36] WARNING: [pool www] child 65 said into stderr: "[01-Apr-2019 05:57:36 UTC] PHP Fatal error:  Uncaught TypeError: Return value of App\Controllers\IndexController::index() must be of the type string, none returned in /app/App/Controllers/IndexController.php:10"
[01-Apr-2019 05:57:36] WARNING: [pool www] child 65 said into stderr: "Stack trace:"
[01-Apr-2019 05:57:36] WARNING: [pool www] child 65 said into stderr: "#0 /app/App/Application.php(35): App\Controllers\IndexController->index(Array)"
[01-Apr-2019 05:57:36] WARNING: [pool www] child 65 said into stderr: "#1 /app/App/Application.php(24): App\Application->runControllerAction(Object(App\Http\Route), Object(App\Http\Request))"
[01-Apr-2019 05:57:36] WARNING: [pool www] child 65 said into stderr: "#2 /app/public/index.php(13): App\Application->handRequest(Object(App\Http\Request))"
[01-Apr-2019 05:57:36] WARNING: [pool www] child 65 said into stderr: "#3 {main}"
[01-Apr-2019 05:57:36] WARNING: [pool www] child 65 said into stderr: "  thrown in /app/App/Controllers/IndexController.php on line 10"
[01-Apr-2019 05:57:37] WARNING: [pool www] child 64 said into stderr: "[01-Apr-2019 05:57:37 UTC] PHP Fatal error:  Uncaught TypeError: Return value of App\Controllers\IndexController::index() must be of the type string, none returned in /app/App/Controllers/IndexController.php:10"
[01-Apr-2019 05:57:37] WARNING: [pool www] child 64 said into stderr: "Stack trace:"
[01-Apr-2019 05:57:37] WARNING: [pool www] child 64 said into stderr: "#0 /app/App/Application.php(35): App\Controllers\IndexController->index(Array)"
[01-Apr-2019 05:57:37] WARNING: [pool www] child 64 said into stderr: "#1 /app/App/Application.php(24): App\Application->runControllerAction(Object(App\Http\Route), Object(App\Http\Request))"
[01-Apr-2019 05:57:37] WARNING: [pool www] child 64 said into stderr: "#2 /app/public/index.php(13): App\Application->handRequest(Object(App\Http\Request))"
[01-Apr-2019 05:57:37] WARNING: [pool www] child 64 said into stderr: "#3 {main}"
[01-Apr-2019 05:57:37] WARNING: [pool www] child 64 said into stderr: "  thrown in /app/App/Controllers/IndexController.php on line 10"
[01-Apr-2019 05:57:37] WARNING: [pool www] child 65 said into stderr: "[01-Apr-2019 05:57:37 UTC] PHP Fatal error:  Uncaught TypeError: Return value of App\Controllers\IndexController::index() must be of the type string, none returned in /app/App/Controllers/IndexController.php:10"
[01-Apr-2019 05:57:37] WARNING: [pool www] child 65 said into stderr: "Stack trace:"
[01-Apr-2019 05:57:37] WARNING: [pool www] child 65 said into stderr: "#0 /app/App/Application.php(35): App\Controllers\IndexController->index(Array)"
[01-Apr-2019 05:57:37] WARNING: [pool www] child 65 said into stderr: "#1 /app/App/Application.php(24): App\Application->runControllerAction(Object(App\Http\Route), Object(App\Http\Request))"
[01-Apr-2019 05:57:37] WARNING: [pool www] child 65 said into stderr: "#2 /app/public/index.php(13): App\Application->handRequest(Object(App\Http\Request))"
[01-Apr-2019 05:57:37] WARNING: [pool www] child 65 said into stderr: "#3 {main}"
[01-Apr-2019 05:57:37] WARNING: [pool www] child 65 said into stderr: "  thrown in /app/App/Controllers/IndexController.php on line 10"
